2023-04-04T21:49:46.763+02:00  INFO 23775 --- [main] it.filos.ws.user.MicroWsApplication      : Starting MicroWsApplication using Java 17.0.5 with PID 23775 (/Users/filippopisano/IdeaProjects/SISWS_User/target/classes started by filippopisano in /Users/filippopisano/IdeaProjects/SISWS_User)
2023-04-04T21:49:46.765+02:00  INFO 23775 --- [main] it.filos.ws.user.MicroWsApplication      : No active profile set, falling back to 1 default profile: "default"
2023-04-04T21:49:47.018+02:00  INFO 23775 --- [main] .s.d.r.c.RepositoryConfigurationDelegate : Bootstrapping Spring Data JPA repositories in DEFAULT mode.
2023-04-04T21:49:47.037+02:00  INFO 23775 --- [main] .s.d.r.c.RepositoryConfigurationDelegate : Finished Spring Data repository scanning in 15 ms. Found 1 JPA repository interfaces.
2023-04-04T21:49:47.248+02:00  INFO 23775 --- [main] o.s.b.w.embedded.tomcat.TomcatWebServer  : Tomcat initialized with port(s): 8080 (http)
2023-04-04T21:49:47.253+02:00  INFO 23775 --- [main] o.apache.catalina.core.StandardService   : Starting service [Tomcat]
2023-04-04T21:49:47.253+02:00  INFO 23775 --- [main] o.apache.catalina.core.StandardEngine    : Starting Servlet engine: [Apache Tomcat/10.1.5]
2023-04-04T21:49:47.289+02:00  INFO 23775 --- [main] o.a.c.c.C.[Tomcat].[localhost].[/]       : Initializing Spring embedded WebApplicationContext
2023-04-04T21:49:47.289+02:00  INFO 23775 --- [main] w.s.c.ServletWebServerApplicationContext : Root WebApplicationContext: initialization completed in 500 ms
2023-04-04T21:49:47.354+02:00  INFO 23775 --- [main] o.hibernate.jpa.internal.util.LogHelper  : HHH000204: Processing PersistenceUnitInfo [name: default]
2023-04-04T21:49:47.377+02:00  INFO 23775 --- [main] org.hibernate.Version                    : HHH000412: Hibernate ORM core version 6.1.7.Final
2023-04-04T21:49:47.515+02:00  INFO 23775 --- [main] com.zaxxer.hikari.HikariDataSource       : HikariPool-1 - Starting...
2023-04-04T21:49:47.756+02:00  INFO 23775 --- [main] com.zaxxer.hikari.pool.HikariPool        : HikariPool-1 - Added connection com.mysql.cj.jdbc.ConnectionImpl@48cdb156
2023-04-04T21:49:47.757+02:00  INFO 23775 --- [main] com.zaxxer.hikari.HikariDataSource       : HikariPool-1 - Start completed.
2023-04-04T21:49:47.812+02:00  INFO 23775 --- [main] SQL dialect                              : HHH000400: Using dialect: org.hibernate.dialect.MySQLDialect
2023-04-04T21:49:48.087+02:00  INFO 23775 --- [main] o.h.e.t.j.p.i.JtaPlatformInitiator       : HHH000490: Using JtaPlatform implementation: [org.hibernate.engine.transaction.jta.platform.internal.NoJtaPlatform]
2023-04-04T21:49:48.093+02:00  INFO 23775 --- [main] j.LocalContainerEntityManagerFactoryBean : Initialized JPA EntityManagerFactory for persistence unit 'default'
2023-04-04T21:49:48.185+02:00  WARN 23775 --- [main] JpaBaseConfiguration$JpaWebConfiguration : spring.jpa.open-in-view is enabled by default. Therefore, database queries may be performed during view rendering. Explicitly configure spring.jpa.open-in-view to disable this warning
2023-04-04T21:49:48.306+02:00  INFO 23775 --- [main] o.s.b.w.embedded.tomcat.TomcatWebServer  : Tomcat started on port(s): 8080 (http) with context path ''
2023-04-04T21:49:48.310+02:00  INFO 23775 --- [main] it.filos.ws.user.MicroWsApplication      : Started MicroWsApplication in 1.786 seconds (process running for 2.041)
2023-04-04T21:49:49.672+02:00  INFO 23775 --- [http-nio-8080-exec-2] o.a.c.c.C.[Tomcat].[localhost].[/]       : Initializing Spring DispatcherServlet 'dispatcherServlet'
2023-04-04T21:49:49.672+02:00  INFO 23775 --- [http-nio-8080-exec-2] o.s.web.servlet.DispatcherServlet        : Initializing Servlet 'dispatcherServlet'
2023-04-04T21:49:49.673+02:00  INFO 23775 --- [http-nio-8080-exec-2] o.s.web.servlet.DispatcherServlet        : Completed initialization in 0 ms
2023-04-04T21:49:49.688+02:00  INFO 23775 --- [http-nio-8080-exec-2] i.f.w.u.controller.SIS_USERController    : An INFO Message
2023-04-04T21:49:49.848+02:00  INFO 23775 --- [http-nio-8080-exec-2] i.f.w.u.controller.SIS_USERController    : Count: 2
2023-04-04T21:51:16.159+02:00  INFO 23775 --- [SpringApplicationShutdownHook] j.LocalContainerEntityManagerFactoryBean : Closing JPA EntityManagerFactory for persistence unit 'default'
2023-04-04T21:51:16.161+02:00  INFO 23775 --- [SpringApplicationShutdownHook] com.zaxxer.hikari.HikariDataSource       : HikariPool-1 - Shutdown initiated...
2023-04-04T21:51:16.543+02:00  INFO 23775 --- [SpringApplicationShutdownHook] com.zaxxer.hikari.HikariDataSource       : HikariPool-1 - Shutdown completed.
2023-04-04T21:52:14.857+02:00  INFO 24065 --- [main] it.filos.ws.user.MicroWsApplication      : Starting MicroWsApplication using Java 17.0.5 with PID 24065 (/Users/filippopisano/IdeaProjects/SISWS_User/target/classes started by filippopisano in /Users/filippopisano/IdeaProjects/SISWS_User)
2023-04-04T21:52:14.858+02:00  INFO 24065 --- [main] it.filos.ws.user.MicroWsApplication      : No active profile set, falling back to 1 default profile: "default"
2023-04-04T21:52:15.096+02:00  INFO 24065 --- [main] .s.d.r.c.RepositoryConfigurationDelegate : Bootstrapping Spring Data JPA repositories in DEFAULT mode.
2023-04-04T21:52:15.115+02:00  INFO 24065 --- [main] .s.d.r.c.RepositoryConfigurationDelegate : Finished Spring Data repository scanning in 15 ms. Found 1 JPA repository interfaces.
2023-04-04T21:52:15.314+02:00  INFO 24065 --- [main] o.s.b.w.embedded.tomcat.TomcatWebServer  : Tomcat initialized with port(s): 8080 (http)
2023-04-04T21:52:15.319+02:00  INFO 24065 --- [main] o.apache.catalina.core.StandardService   : Starting service [Tomcat]
2023-04-04T21:52:15.319+02:00  INFO 24065 --- [main] o.apache.catalina.core.StandardEngine    : Starting Servlet engine: [Apache Tomcat/10.1.5]
2023-04-04T21:52:15.351+02:00  INFO 24065 --- [main] o.a.c.c.C.[Tomcat].[localhost].[/]       : Initializing Spring embedded WebApplicationContext
2023-04-04T21:52:15.352+02:00  INFO 24065 --- [main] w.s.c.ServletWebServerApplicationContext : Root WebApplicationContext: initialization completed in 472 ms
2023-04-04T21:52:15.412+02:00  INFO 24065 --- [main] o.hibernate.jpa.internal.util.LogHelper  : HHH000204: Processing PersistenceUnitInfo [name: default]
2023-04-04T21:52:15.446+02:00  INFO 24065 --- [main] org.hibernate.Version                    : HHH000412: Hibernate ORM core version 6.1.7.Final
2023-04-04T21:52:15.545+02:00  INFO 24065 --- [main] com.zaxxer.hikari.HikariDataSource       : HikariPool-1 - Starting...
2023-04-04T21:52:15.722+02:00  INFO 24065 --- [main] com.zaxxer.hikari.pool.HikariPool        : HikariPool-1 - Added connection com.mysql.cj.jdbc.ConnectionImpl@4ae8fb2a
2023-04-04T21:52:15.722+02:00  INFO 24065 --- [main] com.zaxxer.hikari.HikariDataSource       : HikariPool-1 - Start completed.
2023-04-04T21:52:15.769+02:00  INFO 24065 --- [main] SQL dialect                              : HHH000400: Using dialect: org.hibernate.dialect.MySQLDialect
2023-04-04T21:52:16.018+02:00  INFO 24065 --- [main] o.h.e.t.j.p.i.JtaPlatformInitiator       : HHH000490: Using JtaPlatform implementation: [org.hibernate.engine.transaction.jta.platform.internal.NoJtaPlatform]
2023-04-04T21:52:16.021+02:00  INFO 24065 --- [main] j.LocalContainerEntityManagerFactoryBean : Initialized JPA EntityManagerFactory for persistence unit 'default'
2023-04-04T21:52:16.104+02:00  WARN 24065 --- [main] JpaBaseConfiguration$JpaWebConfiguration : spring.jpa.open-in-view is enabled by default. Therefore, database queries may be performed during view rendering. Explicitly configure spring.jpa.open-in-view to disable this warning
2023-04-04T21:52:16.219+02:00  INFO 24065 --- [main] o.s.b.w.embedded.tomcat.TomcatWebServer  : Tomcat started on port(s): 8080 (http) with context path ''
2023-04-04T21:52:16.223+02:00  INFO 24065 --- [main] it.filos.ws.user.MicroWsApplication      : Started MicroWsApplication in 1.55 seconds (process running for 1.696)
2023-04-04T21:52:18.626+02:00  INFO 24065 --- [http-nio-8080-exec-2] o.a.c.c.C.[Tomcat].[localhost].[/]       : Initializing Spring DispatcherServlet 'dispatcherServlet'
2023-04-04T21:52:18.626+02:00  INFO 24065 --- [http-nio-8080-exec-2] o.s.web.servlet.DispatcherServlet        : Initializing Servlet 'dispatcherServlet'
2023-04-04T21:52:18.627+02:00  INFO 24065 --- [http-nio-8080-exec-2] o.s.web.servlet.DispatcherServlet        : Completed initialization in 1 ms
2023-04-04T21:52:18.639+02:00  INFO 24065 --- [http-nio-8080-exec-2] i.f.w.u.controller.SIS_USERController    : An INFO Message
2023-04-04T21:52:18.803+02:00  INFO 24065 --- [http-nio-8080-exec-2] i.f.w.u.controller.SIS_USERController    : Count: 2
2023-04-04T21:52:19.591+02:00  INFO 24065 --- [http-nio-8080-exec-3] i.f.w.u.controller.SIS_USERController    : An INFO Message
2023-04-04T21:52:19.636+02:00  INFO 24065 --- [http-nio-8080-exec-3] i.f.w.u.controller.SIS_USERController    : Count: 2
2023-04-04T21:53:44.023+02:00  INFO 24065 --- [SpringApplicationShutdownHook] j.LocalContainerEntityManagerFactoryBean : Closing JPA EntityManagerFactory for persistence unit 'default'
2023-04-04T21:53:44.026+02:00  INFO 24065 --- [SpringApplicationShutdownHook] com.zaxxer.hikari.HikariDataSource       : HikariPool-1 - Shutdown initiated...
2023-04-04T21:53:44.080+02:00  INFO 24065 --- [SpringApplicationShutdownHook] com.zaxxer.hikari.HikariDataSource       : HikariPool-1 - Shutdown completed.
2023-04-04T21:53:45.571+02:00  INFO 24234 --- [main] it.filos.ws.user.MicroWsApplication      : Starting MicroWsApplication using Java 17.0.5 with PID 24234 (/Users/filippopisano/IdeaProjects/SISWS_User/target/classes started by filippopisano in /Users/filippopisano/IdeaProjects/SISWS_User)
2023-04-04T21:53:45.573+02:00  INFO 24234 --- [main] it.filos.ws.user.MicroWsApplication      : No active profile set, falling back to 1 default profile: "default"
2023-04-04T21:53:45.799+02:00  INFO 24234 --- [main] .s.d.r.c.RepositoryConfigurationDelegate : Bootstrapping Spring Data JPA repositories in DEFAULT mode.
2023-04-04T21:53:45.816+02:00  INFO 24234 --- [main] .s.d.r.c.RepositoryConfigurationDelegate : Finished Spring Data repository scanning in 14 ms. Found 1 JPA repository interfaces.
2023-04-04T21:53:46.001+02:00  INFO 24234 --- [main] o.s.b.w.embedded.tomcat.TomcatWebServer  : Tomcat initialized with port(s): 8080 (http)
2023-04-04T21:53:46.006+02:00  INFO 24234 --- [main] o.apache.catalina.core.StandardService   : Starting service [Tomcat]
2023-04-04T21:53:46.006+02:00  INFO 24234 --- [main] o.apache.catalina.core.StandardEngine    : Starting Servlet engine: [Apache Tomcat/10.1.5]
2023-04-04T21:53:46.041+02:00  INFO 24234 --- [main] o.a.c.c.C.[Tomcat].[localhost].[/]       : Initializing Spring embedded WebApplicationContext
2023-04-04T21:53:46.041+02:00  INFO 24234 --- [main] w.s.c.ServletWebServerApplicationContext : Root WebApplicationContext: initialization completed in 444 ms
2023-04-04T21:53:46.093+02:00  INFO 24234 --- [main] o.hibernate.jpa.internal.util.LogHelper  : HHH000204: Processing PersistenceUnitInfo [name: default]
2023-04-04T21:53:46.114+02:00  INFO 24234 --- [main] org.hibernate.Version                    : HHH000412: Hibernate ORM core version 6.1.7.Final
2023-04-04T21:53:46.203+02:00  INFO 24234 --- [main] com.zaxxer.hikari.HikariDataSource       : HikariPool-1 - Starting...
2023-04-04T21:53:46.444+02:00  INFO 24234 --- [main] com.zaxxer.hikari.pool.HikariPool        : HikariPool-1 - Added connection com.mysql.cj.jdbc.ConnectionImpl@8f2e3e6
2023-04-04T21:53:46.445+02:00  INFO 24234 --- [main] com.zaxxer.hikari.HikariDataSource       : HikariPool-1 - Start completed.
2023-04-04T21:53:46.488+02:00  INFO 24234 --- [main] SQL dialect                              : HHH000400: Using dialect: org.hibernate.dialect.MySQLDialect
2023-04-04T21:53:46.717+02:00  INFO 24234 --- [main] o.h.e.t.j.p.i.JtaPlatformInitiator       : HHH000490: Using JtaPlatform implementation: [org.hibernate.engine.transaction.jta.platform.internal.NoJtaPlatform]
2023-04-04T21:53:46.720+02:00  INFO 24234 --- [main] j.LocalContainerEntityManagerFactoryBean : Initialized JPA EntityManagerFactory for persistence unit 'default'
2023-04-04T21:53:46.803+02:00  WARN 24234 --- [main] JpaBaseConfiguration$JpaWebConfiguration : spring.jpa.open-in-view is enabled by default. Therefore, database queries may be performed during view rendering. Explicitly configure spring.jpa.open-in-view to disable this warning
2023-04-04T21:53:46.907+02:00  INFO 24234 --- [main] o.s.b.w.embedded.tomcat.TomcatWebServer  : Tomcat started on port(s): 8080 (http) with context path ''
2023-04-04T21:53:46.911+02:00  INFO 24234 --- [main] it.filos.ws.user.MicroWsApplication      : Started MicroWsApplication in 1.528 seconds (process running for 1.672)
2023-04-04T21:53:50.747+02:00  INFO 24234 --- [http-nio-8080-exec-1] o.a.c.c.C.[Tomcat].[localhost].[/]       : Initializing Spring DispatcherServlet 'dispatcherServlet'
2023-04-04T21:53:50.747+02:00  INFO 24234 --- [http-nio-8080-exec-1] o.s.web.servlet.DispatcherServlet        : Initializing Servlet 'dispatcherServlet'
2023-04-04T21:53:50.748+02:00  INFO 24234 --- [http-nio-8080-exec-1] o.s.web.servlet.DispatcherServlet        : Completed initialization in 1 ms
2023-04-04T21:53:50.903+02:00  INFO 24234 --- [http-nio-8080-exec-1] i.f.w.u.controller.SIS_USERController    : Count: 2
2023-04-04T21:54:32.775+02:00  INFO 24234 --- [SpringApplicationShutdownHook] j.LocalContainerEntityManagerFactoryBean : Closing JPA EntityManagerFactory for persistence unit 'default'
2023-04-04T21:54:32.778+02:00  INFO 24234 --- [SpringApplicationShutdownHook] com.zaxxer.hikari.HikariDataSource       : HikariPool-1 - Shutdown initiated...
2023-04-04T21:54:32.831+02:00  INFO 24234 --- [SpringApplicationShutdownHook] com.zaxxer.hikari.HikariDataSource       : HikariPool-1 - Shutdown completed.
2023-04-04T21:54:34.730+02:00  INFO 24334 --- [main] it.filos.ws.user.MicroWsApplication      : Starting MicroWsApplication using Java 17.0.5 with PID 24334 (/Users/filippopisano/IdeaProjects/SISWS_User/target/classes started by filippopisano in /Users/filippopisano/IdeaProjects/SISWS_User)
2023-04-04T21:54:34.731+02:00  INFO 24334 --- [main] it.filos.ws.user.MicroWsApplication      : No active profile set, falling back to 1 default profile: "default"
2023-04-04T21:54:34.953+02:00  INFO 24334 --- [main] .s.d.r.c.RepositoryConfigurationDelegate : Bootstrapping Spring Data JPA repositories in DEFAULT mode.
2023-04-04T21:54:34.970+02:00  INFO 24334 --- [main] .s.d.r.c.RepositoryConfigurationDelegate : Finished Spring Data repository scanning in 14 ms. Found 1 JPA repository interfaces.
2023-04-04T21:54:35.175+02:00  INFO 24334 --- [main] o.s.b.w.embedded.tomcat.TomcatWebServer  : Tomcat initialized with port(s): 8080 (http)
2023-04-04T21:54:35.179+02:00  INFO 24334 --- [main] o.apache.catalina.core.StandardService   : Starting service [Tomcat]
2023-04-04T21:54:35.179+02:00  INFO 24334 --- [main] o.apache.catalina.core.StandardEngine    : Starting Servlet engine: [Apache Tomcat/10.1.5]
2023-04-04T21:54:35.213+02:00  INFO 24334 --- [main] o.a.c.c.C.[Tomcat].[localhost].[/]       : Initializing Spring embedded WebApplicationContext
2023-04-04T21:54:35.213+02:00  INFO 24334 --- [main] w.s.c.ServletWebServerApplicationContext : Root WebApplicationContext: initialization completed in 459 ms
2023-04-04T21:54:35.271+02:00  INFO 24334 --- [main] o.hibernate.jpa.internal.util.LogHelper  : HHH000204: Processing PersistenceUnitInfo [name: default]
2023-04-04T21:54:35.289+02:00  INFO 24334 --- [main] org.hibernate.Version                    : HHH000412: Hibernate ORM core version 6.1.7.Final
2023-04-04T21:54:35.378+02:00  INFO 24334 --- [main] com.zaxxer.hikari.HikariDataSource       : HikariPool-1 - Starting...
2023-04-04T21:54:36.172+02:00  INFO 24334 --- [main] com.zaxxer.hikari.pool.HikariPool        : HikariPool-1 - Added connection com.mysql.cj.jdbc.ConnectionImpl@8f2e3e6
2023-04-04T21:54:36.173+02:00  INFO 24334 --- [main] com.zaxxer.hikari.HikariDataSource       : HikariPool-1 - Start completed.
2023-04-04T21:54:36.239+02:00  INFO 24334 --- [main] SQL dialect                              : HHH000400: Using dialect: org.hibernate.dialect.MySQLDialect
2023-04-04T21:54:36.481+02:00  INFO 24334 --- [main] o.h.e.t.j.p.i.JtaPlatformInitiator       : HHH000490: Using JtaPlatform implementation: [org.hibernate.engine.transaction.jta.platform.internal.NoJtaPlatform]
2023-04-04T21:54:36.484+02:00  INFO 24334 --- [main] j.LocalContainerEntityManagerFactoryBean : Initialized JPA EntityManagerFactory for persistence unit 'default'
2023-04-04T21:54:36.569+02:00  WARN 24334 --- [main] JpaBaseConfiguration$JpaWebConfiguration : spring.jpa.open-in-view is enabled by default. Therefore, database queries may be performed during view rendering. Explicitly configure spring.jpa.open-in-view to disable this warning
2023-04-04T21:54:36.693+02:00  INFO 24334 --- [main] o.s.b.w.embedded.tomcat.TomcatWebServer  : Tomcat started on port(s): 8080 (http) with context path ''
2023-04-04T21:54:36.697+02:00  INFO 24334 --- [main] it.filos.ws.user.MicroWsApplication      : Started MicroWsApplication in 2.165 seconds (process running for 2.306)
2023-04-04T21:54:37.957+02:00  INFO 24334 --- [http-nio-8080-exec-1] o.a.c.c.C.[Tomcat].[localhost].[/]       : Initializing Spring DispatcherServlet 'dispatcherServlet'
2023-04-04T21:54:37.957+02:00  INFO 24334 --- [http-nio-8080-exec-1] o.s.web.servlet.DispatcherServlet        : Initializing Servlet 'dispatcherServlet'
2023-04-04T21:54:37.958+02:00  INFO 24334 --- [http-nio-8080-exec-1] o.s.web.servlet.DispatcherServlet        : Completed initialization in 1 ms
2023-04-04T21:54:37.977+02:00  INFO 24334 --- [http-nio-8080-exec-1] i.f.w.u.controller.SIS_USERController    : / 2
2023-04-04T21:54:40.663+02:00  INFO 24334 --- [http-nio-8080-exec-3] i.f.w.u.controller.SIS_USERController    : / 1
2023-04-04T21:59:12.380+02:00  INFO 24334 --- [SpringApplicationShutdownHook] j.LocalContainerEntityManagerFactoryBean : Closing JPA EntityManagerFactory for persistence unit 'default'
2023-04-04T21:59:12.385+02:00  INFO 24334 --- [SpringApplicationShutdownHook] com.zaxxer.hikari.HikariDataSource       : HikariPool-1 - Shutdown initiated...
2023-04-04T21:59:12.426+02:00  INFO 24334 --- [SpringApplicationShutdownHook] com.zaxxer.hikari.HikariDataSource       : HikariPool-1 - Shutdown completed.
